{"numTotalTestSuites":2,"numPassedTestSuites":2,"numFailedTestSuites":0,"numPendingTestSuites":0,"numTotalTests":39,"numPassedTests":1,"numFailedTests":0,"numPendingTests":38,"numTodoTests":0,"snapshot":{"added":0,"failure":false,"filesAdded":0,"filesRemoved":0,"filesRemovedList":[],"filesUnmatched":0,"filesUpdated":0,"matched":0,"total":0,"unchecked":0,"uncheckedKeysByFile":[],"unmatched":0,"updated":0,"didUpdate":false},"startTime":1775624284288,"success":true,"testResults":[{"assertionResults":[{"ancestorTitles":["panel refresh flows"],"fullName":"panel refresh flows treats the local provider as configured when the workspace endpoint setting exists","status":"skipped","title":"treats the local provider as configured when the workspace endpoint setting exists","failureMessages":[],"meta":{},"tags":[]},{"ancestorTitles":["panel refresh flows"],"fullName":"panel refresh flows renders the dedicated chat panel with CSP-safe transcript controls","status":"skipped","title":"renders the dedicated chat panel with CSP-safe transcript controls","failureMessages":[],"meta":{},"tags":[]},{"ancestorTitles":["panel refresh flows"],"fullName":"panel refresh flows renders the settings panel with TTS dashboard controls","status":"skipped","title":"renders the settings panel with TTS dashboard controls","failureMessages":[],"meta":{},"tags":[]},{"ancestorTitles":["panel refresh flows"],"fullName":"panel refresh flows passes a drafted dashboard prompt into the chat panel state","status":"skipped","title":"passes a drafted dashboard prompt into the chat panel state","failureMessages":[],"meta":{},"tags":[]},{"ancestorTitles":["panel refresh flows"],"fullName":"panel refresh flows includes pending tool approvals in chat panel state and resolves approval actions","status":"skipped","title":"includes pending tool approvals in chat panel state and resolves approval actions","failureMessages":[],"meta":{},"tags":[]},{"ancestorTitles":["panel refresh flows"],"fullName":"panel refresh flows reuses the existing detached chat surface when drawing attention to approvals","status":"skipped","title":"reuses the existing detached chat surface when drawing attention to approvals","failureMessages":[],"meta":{},"tags":[]},{"ancestorTitles":["panel refresh flows"],"fullName":"panel refresh flows falls back to the embedded chat view when no detached chat panel is open","status":"skipped","title":"falls back to the embedded chat view when no detached chat panel is open","failureMessages":[],"meta":{},"tags":[]},{"ancestorTitles":["panel refresh flows"],"fullName":"panel refresh flows ships chat panel prompt history shortcuts and composer focus restoration in the webview script","status":"passed","title":"ships chat panel prompt history shortcuts and composer focus restoration in the webview script","duration":1.863900000000001,"failureMessages":[],"meta":{},"tags":[]},{"ancestorTitles":["panel refresh flows"],"fullName":"panel refresh flows ingests pasted inline media into chat composer attachments","status":"skipped","title":"ingests pasted inline media into chat composer attachments","failureMessages":[],"meta":{},"tags":[]},{"ancestorTitles":["panel refresh flows"],"fullName":"panel refresh flows routes natural-language AtlasMind panel requests from the shared chat panel","status":"skipped","title":"routes natural-language AtlasMind panel requests from the shared chat panel","failureMessages":[],"meta":{},"tags":[]},{"ancestorTitles":["panel refresh flows"],"fullName":"panel refresh flows returns a live roadmap status summary instead of routing roadmap queries through the model","status":"skipped","title":"returns a live roadmap status summary instead of routing roadmap queries through the model","failureMessages":[],"meta":{},"tags":[]},{"ancestorTitles":["panel refresh flows"],"fullName":"panel refresh flows shows interim thinking updates while a chat-panel request is still running","status":"skipped","title":"shows interim thinking updates while a chat-panel request is still running","failureMessages":[],"meta":{},"tags":[]},{"ancestorTitles":["panel refresh flows"],"fullName":"panel refresh flows stops an in-flight chat-panel request when the stop action is triggered","status":"skipped","title":"stops an in-flight chat-panel request when the stop action is triggered","failureMessages":[],"meta":{},"tags":[]},{"ancestorTitles":["panel refresh flows"],"fullName":"panel refresh flows queues a steer prompt while a request is active and reruns after the abort completes","status":"skipped","title":"queues a steer prompt while a request is active and reruns after the abort completes","failureMessages":[],"meta":{},"tags":[]},{"ancestorTitles":["panel refresh flows"],"fullName":"panel refresh flows launches a managed PowerShell terminal for @tps prompts and can run one bounded follow-up command in the same session","status":"skipped","title":"launches a managed PowerShell terminal for @tps prompts and can run one bounded follow-up command in the same session","failureMessages":[],"meta":{},"tags":[]},{"ancestorTitles":["panel refresh flows"],"fullName":"panel refresh flows supports the managed Bash alias through @tbash","status":"skipped","title":"supports the managed Bash alias through @tbash","failureMessages":[],"meta":{},"tags":[]},{"ancestorTitles":["panel refresh flows"],"fullName":"panel refresh flows accepts common managed terminal alias synonyms such as @tpowershell and @tcommandprompt","status":"skipped","title":"accepts common managed terminal alias synonyms such as @tpowershell and @tcommandprompt","failureMessages":[],"meta":{},"tags":[]},{"ancestorTitles":["panel refresh flows"],"fullName":"panel refresh flows maps @tgit to the managed Bash/Git Bash path and reports unsupported remote/profile aliases clearly","status":"skipped","title":"maps @tgit to the managed Bash/Git Bash path and reports unsupported remote/profile aliases clearly","failureMessages":[],"meta":{},"tags":[]},{"ancestorTitles":["panel refresh flows"],"fullName":"panel refresh flows renders the agent manager with CSP-safe button bindings for agent actions","status":"skipped","title":"renders the agent manager with CSP-safe button bindings for agent actions","failureMessages":[],"meta":{},"tags":[]},{"ancestorTitles":["panel refresh flows"],"fullName":"panel refresh flows renders the cost dashboard with timescale and subscription controls","status":"skipped","title":"renders the cost dashboard with timescale and subscription controls","failureMessages":[],"meta":{},"tags":[]},{"ancestorTitles":["panel refresh flows"],"fullName":"panel refresh flows renders recent request costs as chat links only when the message still exists","status":"skipped","title":"renders recent request costs as chat links only when the message still exists","failureMessages":[],"meta":{},"tags":[]},{"ancestorTitles":["panel refresh flows"],"fullName":"panel refresh flows routes the cost dashboard settings action to the overview budget section","status":"skipped","title":"routes the cost dashboard settings action to the overview budget section","failureMessages":[],"meta":{},"tags":[]},{"ancestorTitles":["panel refresh flows"],"fullName":"panel refresh flows routes recent request chat links to the targeted transcript message","status":"skipped","title":"routes recent request chat links to the targeted transcript message","failureMessages":[],"meta":{},"tags":[]},{"ancestorTitles":["panel refresh flows"],"fullName":"panel refresh flows refreshes provider health after saving an API key","status":"skipped","title":"refreshes provider health after saving an API key","failureMessages":[],"meta":{},"tags":[]},{"ancestorTitles":["panel refresh flows"],"fullName":"panel refresh flows activates Copilot access only when the provider is explicitly configured","status":"skipped","title":"activates Copilot access only when the provider is explicitly configured","failureMessages":[],"meta":{},"tags":[]},{"ancestorTitles":["panel refresh flows"],"fullName":"panel refresh flows shows configured status for saved provider keys on initial render","status":"skipped","title":"shows configured status for saved provider keys on initial render","failureMessages":[],"meta":{},"tags":[]},{"ancestorTitles":["panel refresh flows"],"fullName":"panel refresh flows shows failed-model badges for providers with routed model failures","status":"skipped","title":"shows failed-model badges for providers with routed model failures","failureMessages":[],"meta":{},"tags":[]},{"ancestorTitles":["panel refresh flows"],"fullName":"panel refresh flows marks subscription-backed providers with a dedicated icon in the provider cards","status":"skipped","title":"marks subscription-backed providers with a dedicated icon in the provider cards","failureMessages":[],"meta":{},"tags":[]},{"ancestorTitles":["panel refresh flows"],"fullName":"panel refresh flows refreshes provider health after refreshing model metadata","status":"skipped","title":"refreshes provider health after refreshing model metadata","failureMessages":[],"meta":{},"tags":[]},{"ancestorTitles":["panel refresh flows"],"fullName":"panel refresh flows hydrates the project run center from async run history reads","status":"skipped","title":"hydrates the project run center from async run history reads","failureMessages":[],"meta":{},"tags":[]},{"ancestorTitles":["panel refresh flows"],"fullName":"panel refresh flows opens the chat panel with a draft-refinement prompt from the project run center","status":"skipped","title":"opens the chat panel with a draft-refinement prompt from the project run center","failureMessages":[],"meta":{},"tags":[]},{"ancestorTitles":["panel refresh flows"],"fullName":"panel refresh flows queues a follow-up draft when a preview is split into staged planner jobs","status":"skipped","title":"queues a follow-up draft when a preview is split into staged planner jobs","failureMessages":[],"meta":{},"tags":[]},{"ancestorTitles":["panel refresh flows"],"fullName":"panel refresh flows deletes a saved run from the project run center after confirmation","status":"skipped","title":"deletes a saved run from the project run center after confirmation","failureMessages":[],"meta":{},"tags":[]},{"ancestorTitles":["panel refresh flows"],"fullName":"panel refresh flows renders the project dashboard with a CSP-safe external script shell","status":"skipped","title":"renders the project dashboard with a CSP-safe external script shell","failureMessages":[],"meta":{},"tags":[]},{"ancestorTitles":["panel refresh flows"],"fullName":"panel refresh flows renders the dedicated ideation panel with a CSP-safe external script shell","status":"skipped","title":"renders the dedicated ideation panel with a CSP-safe external script shell","failureMessages":[],"meta":{},"tags":[]},{"ancestorTitles":["panel refresh flows"],"fullName":"panel refresh flows posts dashboard state when autoVerifyScripts is stored as an array","status":"skipped","title":"posts dashboard state when autoVerifyScripts is stored as an array","failureMessages":[],"meta":{},"tags":[]},{"ancestorTitles":["panel refresh flows"],"fullName":"panel refresh flows opens the dedicated ideation panel without routing through a dashboard deep-link","status":"skipped","title":"opens the dedicated ideation panel without routing through a dashboard deep-link","failureMessages":[],"meta":{},"tags":[]},{"ancestorTitles":["panel refresh flows"],"fullName":"panel refresh flows summarizes persisted TDD telemetry in the project dashboard runtime payload","status":"skipped","title":"summarizes persisted TDD telemetry in the project dashboard runtime payload","failureMessages":[],"meta":{},"tags":[]},{"ancestorTitles":["panel refresh flows"],"fullName":"panel refresh flows includes production and current branch versions in the project dashboard payload when they differ","status":"skipped","title":"includes production and current branch versions in the project dashboard payload when they differ","failureMessages":[],"meta":{},"tags":[]}],"startTime":1775624284809,"endTime":1775624284810.864,"status":"passed","message":"","name":"C:/Users/joel/OneDrive/Dev/AtlasMind/tests/views/panelFlows.test.ts"}]}