{"numTotalTestSuites":2,"numPassedTestSuites":0,"numFailedTestSuites":2,"numPendingTestSuites":0,"numTotalTests":39,"numPassedTests":37,"numFailedTests":2,"numPendingTests":0,"numTodoTests":0,"snapshot":{"added":0,"failure":false,"filesAdded":0,"filesRemoved":0,"filesRemovedList":[],"filesUnmatched":0,"filesUpdated":0,"matched":0,"total":0,"unchecked":0,"uncheckedKeysByFile":[],"unmatched":0,"updated":0,"didUpdate":false},"startTime":1775624254554,"success":false,"testResults":[{"assertionResults":[{"ancestorTitles":["panel refresh flows"],"fullName":"panel refresh flows treats the local provider as configured when the workspace endpoint setting exists","status":"passed","title":"treats the local provider as configured when the workspace endpoint setting exists","duration":1.2455999999999676,"failureMessages":[],"meta":{},"tags":[]},{"ancestorTitles":["panel refresh flows"],"fullName":"panel refresh flows renders the dedicated chat panel with CSP-safe transcript controls","status":"passed","title":"renders the dedicated chat panel with CSP-safe transcript controls","duration":2.1100999999999885,"failureMessages":[],"meta":{},"tags":[]},{"ancestorTitles":["panel refresh flows"],"fullName":"panel refresh flows renders the settings panel with TTS dashboard controls","status":"passed","title":"renders the settings panel with TTS dashboard controls","duration":1.1152000000000157,"failureMessages":[],"meta":{},"tags":[]},{"ancestorTitles":["panel refresh flows"],"fullName":"panel refresh flows passes a drafted dashboard prompt into the chat panel state","status":"passed","title":"passes a drafted dashboard prompt into the chat panel state","duration":1.4633000000000038,"failureMessages":[],"meta":{},"tags":[]},{"ancestorTitles":["panel refresh flows"],"fullName":"panel refresh flows includes pending tool approvals in chat panel state and resolves approval actions","status":"passed","title":"includes pending tool approvals in chat panel state and resolves approval actions","duration":0.9450999999999681,"failureMessages":[],"meta":{},"tags":[]},{"ancestorTitles":["panel refresh flows"],"fullName":"panel refresh flows reuses the existing detached chat surface when drawing attention to approvals","status":"passed","title":"reuses the existing detached chat surface when drawing attention to approvals","duration":0.3854000000000042,"failureMessages":[],"meta":{},"tags":[]},{"ancestorTitles":["panel refresh flows"],"fullName":"panel refresh flows falls back to the embedded chat view when no detached chat panel is open","status":"passed","title":"falls back to the embedded chat view when no detached chat panel is open","duration":0.16149999999998954,"failureMessages":[],"meta":{},"tags":[]},{"ancestorTitles":["panel refresh flows"],"fullName":"panel refresh flows ships chat panel prompt history shortcuts and composer focus restoration in the webview script","status":"failed","title":"ships chat panel prompt history shortcuts and composer focus restoration in the webview script","duration":7.262999999999977,"failureMessages":["AssertionError: expected '// @ts-nocheck\\r\\n// Chat panel webvi…' to contain 'event.key === \\'Enter\\' && (event.shi…'\n    at C:/Users/joel/OneDrive/Dev/AtlasMind/tests/views/panelFlows.test.ts:430:20\n    at file:///C:/Users/joel/OneDrive/Dev/AtlasMind/node_modules/@vitest/runner/dist/chunk-artifact.js:302:11\n    at file:///C:/Users/joel/OneDrive/Dev/AtlasMind/node_modules/@vitest/runner/dist/chunk-artifact.js:1893:26\n    at file:///C:/Users/joel/OneDrive/Dev/AtlasMind/node_modules/@vitest/runner/dist/chunk-artifact.js:2316:20\n    at new Promise (<anonymous>)\n    at runWithCancel (file:///C:/Users/joel/OneDrive/Dev/AtlasMind/node_modules/@vitest/runner/dist/chunk-artifact.js:2313:10)\n    at file:///C:/Users/joel/OneDrive/Dev/AtlasMind/node_modules/@vitest/runner/dist/chunk-artifact.js:2295:20\n    at new Promise (<anonymous>)\n    at runWithTimeout (file:///C:/Users/joel/OneDrive/Dev/AtlasMind/node_modules/@vitest/runner/dist/chunk-artifact.js:2262:10)\n    at file:///C:/Users/joel/OneDrive/Dev/AtlasMind/node_modules/@vitest/runner/dist/chunk-artifact.js:2945:64"],"meta":{},"tags":[]},{"ancestorTitles":["panel refresh flows"],"fullName":"panel refresh flows ingests pasted inline media into chat composer attachments","status":"passed","title":"ingests pasted inline media into chat composer attachments","duration":0.8034999999999854,"failureMessages":[],"meta":{},"tags":[]},{"ancestorTitles":["panel refresh flows"],"fullName":"panel refresh flows routes natural-language AtlasMind panel requests from the shared chat panel","status":"passed","title":"routes natural-language AtlasMind panel requests from the shared chat panel","duration":1.7718999999999596,"failureMessages":[],"meta":{},"tags":[]},{"ancestorTitles":["panel refresh flows"],"fullName":"panel refresh flows returns a live roadmap status summary instead of routing roadmap queries through the model","status":"passed","title":"returns a live roadmap status summary instead of routing roadmap queries through the model","duration":15.1096,"failureMessages":[],"meta":{},"tags":[]},{"ancestorTitles":["panel refresh flows"],"fullName":"panel refresh flows shows interim thinking updates while a chat-panel request is still running","status":"passed","title":"shows interim thinking updates while a chat-panel request is still running","duration":8.3356,"failureMessages":[],"meta":{},"tags":[]},{"ancestorTitles":["panel refresh flows"],"fullName":"panel refresh flows stops an in-flight chat-panel request when the stop action is triggered","status":"passed","title":"stops an in-flight chat-panel request when the stop action is triggered","duration":56.98680000000002,"failureMessages":[],"meta":{},"tags":[]},{"ancestorTitles":["panel refresh flows"],"fullName":"panel refresh flows queues a steer prompt while a request is active and reruns after the abort completes","status":"passed","title":"queues a steer prompt while a request is active and reruns after the abort completes","duration":62.09100000000001,"failureMessages":[],"meta":{},"tags":[]},{"ancestorTitles":["panel refresh flows"],"fullName":"panel refresh flows launches a managed PowerShell terminal for @tps prompts and can run one bounded follow-up command in the same session","status":"passed","title":"launches a managed PowerShell terminal for @tps prompts and can run one bounded follow-up command in the same session","duration":2.300200000000018,"failureMessages":[],"meta":{},"tags":[]},{"ancestorTitles":["panel refresh flows"],"fullName":"panel refresh flows supports the managed Bash alias through @tbash","status":"passed","title":"supports the managed Bash alias through @tbash","duration":0.920099999999934,"failureMessages":[],"meta":{},"tags":[]},{"ancestorTitles":["panel refresh flows"],"fullName":"panel refresh flows accepts common managed terminal alias synonyms such as @tpowershell and @tcommandprompt","status":"passed","title":"accepts common managed terminal alias synonyms such as @tpowershell and @tcommandprompt","duration":1.0436000000000831,"failureMessages":[],"meta":{},"tags":[]},{"ancestorTitles":["panel refresh flows"],"fullName":"panel refresh flows maps @tgit to the managed Bash/Git Bash path and reports unsupported remote/profile aliases clearly","status":"passed","title":"maps @tgit to the managed Bash/Git Bash path and reports unsupported remote/profile aliases clearly","duration":0.8922999999999774,"failureMessages":[],"meta":{},"tags":[]},{"ancestorTitles":["panel refresh flows"],"fullName":"panel refresh flows renders the agent manager with CSP-safe button bindings for agent actions","status":"passed","title":"renders the agent manager with CSP-safe button bindings for agent actions","duration":0.61099999999999,"failureMessages":[],"meta":{},"tags":[]},{"ancestorTitles":["panel refresh flows"],"fullName":"panel refresh flows renders the cost dashboard with timescale and subscription controls","status":"passed","title":"renders the cost dashboard with timescale and subscription controls","duration":1.4667000000000598,"failureMessages":[],"meta":{},"tags":[]},{"ancestorTitles":["panel refresh flows"],"fullName":"panel refresh flows renders recent request costs as chat links only when the message still exists","status":"passed","title":"renders recent request costs as chat links only when the message still exists","duration":0.40260000000000673,"failureMessages":[],"meta":{},"tags":[]},{"ancestorTitles":["panel refresh flows"],"fullName":"panel refresh flows routes the cost dashboard settings action to the overview budget section","status":"passed","title":"routes the cost dashboard settings action to the overview budget section","duration":0.509200000000078,"failureMessages":[],"meta":{},"tags":[]},{"ancestorTitles":["panel refresh flows"],"fullName":"panel refresh flows routes recent request chat links to the targeted transcript message","status":"passed","title":"routes recent request chat links to the targeted transcript message","duration":0.286899999999946,"failureMessages":[],"meta":{},"tags":[]},{"ancestorTitles":["panel refresh flows"],"fullName":"panel refresh flows refreshes provider health after saving an API key","status":"passed","title":"refreshes provider health after saving an API key","duration":736.7048000000001,"failureMessages":[],"meta":{},"tags":[]},{"ancestorTitles":["panel refresh flows"],"fullName":"panel refresh flows activates Copilot access only when the provider is explicitly configured","status":"passed","title":"activates Copilot access only when the provider is explicitly configured","duration":701.7298999999998,"failureMessages":[],"meta":{},"tags":[]},{"ancestorTitles":["panel refresh flows"],"fullName":"panel refresh flows shows configured status for saved provider keys on initial render","status":"passed","title":"shows configured status for saved provider keys on initial render","duration":721.1526999999996,"failureMessages":[],"meta":{},"tags":[]},{"ancestorTitles":["panel refresh flows"],"fullName":"panel refresh flows shows failed-model badges for providers with routed model failures","status":"passed","title":"shows failed-model badges for providers with routed model failures","duration":697.9456999999998,"failureMessages":[],"meta":{},"tags":[]},{"ancestorTitles":["panel refresh flows"],"fullName":"panel refresh flows marks subscription-backed providers with a dedicated icon in the provider cards","status":"passed","title":"marks subscription-backed providers with a dedicated icon in the provider cards","duration":712.7813000000001,"failureMessages":[],"meta":{},"tags":[]},{"ancestorTitles":["panel refresh flows"],"fullName":"panel refresh flows refreshes provider health after refreshing model metadata","status":"passed","title":"refreshes provider health after refreshing model metadata","duration":701.3224,"failureMessages":[],"meta":{},"tags":[]},{"ancestorTitles":["panel refresh flows"],"fullName":"panel refresh flows hydrates the project run center from async run history reads","status":"passed","title":"hydrates the project run center from async run history reads","duration":1.4636000000000422,"failureMessages":[],"meta":{},"tags":[]},{"ancestorTitles":["panel refresh flows"],"fullName":"panel refresh flows opens the chat panel with a draft-refinement prompt from the project run center","status":"passed","title":"opens the chat panel with a draft-refinement prompt from the project run center","duration":0.40099999999983993,"failureMessages":[],"meta":{},"tags":[]},{"ancestorTitles":["panel refresh flows"],"fullName":"panel refresh flows queues a follow-up draft when a preview is split into staged planner jobs","status":"passed","title":"queues a follow-up draft when a preview is split into staged planner jobs","duration":3.0756000000001222,"failureMessages":[],"meta":{},"tags":[]},{"ancestorTitles":["panel refresh flows"],"fullName":"panel refresh flows deletes a saved run from the project run center after confirmation","status":"passed","title":"deletes a saved run from the project run center after confirmation","duration":0.5630999999993946,"failureMessages":[],"meta":{},"tags":[]},{"ancestorTitles":["panel refresh flows"],"fullName":"panel refresh flows renders the project dashboard with a CSP-safe external script shell","status":"passed","title":"renders the project dashboard with a CSP-safe external script shell","duration":12.529300000000148,"failureMessages":[],"meta":{},"tags":[]},{"ancestorTitles":["panel refresh flows"],"fullName":"panel refresh flows renders the dedicated ideation panel with a CSP-safe external script shell","status":"passed","title":"renders the dedicated ideation panel with a CSP-safe external script shell","duration":0.7554000000000087,"failureMessages":[],"meta":{},"tags":[]},{"ancestorTitles":["panel refresh flows"],"fullName":"panel refresh flows posts dashboard state when autoVerifyScripts is stored as an array","status":"passed","title":"posts dashboard state when autoVerifyScripts is stored as an array","duration":16.83730000000014,"failureMessages":[],"meta":{},"tags":[]},{"ancestorTitles":["panel refresh flows"],"fullName":"panel refresh flows opens the dedicated ideation panel without routing through a dashboard deep-link","status":"passed","title":"opens the dedicated ideation panel without routing through a dashboard deep-link","duration":0.5003999999998996,"failureMessages":[],"meta":{},"tags":[]},{"ancestorTitles":["panel refresh flows"],"fullName":"panel refresh flows summarizes persisted TDD telemetry in the project dashboard runtime payload","status":"passed","title":"summarizes persisted TDD telemetry in the project dashboard runtime payload","duration":18.056300000000192,"failureMessages":[],"meta":{},"tags":[]},{"ancestorTitles":["panel refresh flows"],"fullName":"panel refresh flows includes production and current branch versions in the project dashboard payload when they differ","status":"failed","title":"includes production and current branch versions in the project dashboard payload when they differ","duration":658.7401,"failureMessages":["Error: EPERM, Permission denied: \\\\?\\C:\\WINDOWS\\TEMP\\atlasmind-dashboard-version-iSuUkG '\\\\?\\C:\\WINDOWS\\TEMP\\atlasmind-dashboard-version-iSuUkG'\n    at Proxy.rmSync (node:fs:1221:18)\n    at C:/Users/joel/OneDrive/Dev/AtlasMind/tests/views/panelFlows.test.ts:2454:5\n    at file:///C:/Users/joel/OneDrive/Dev/AtlasMind/node_modules/@vitest/runner/dist/chunk-artifact.js:1893:20"],"meta":{},"tags":[]}],"startTime":1775624255078,"endTime":1775624260231.74,"status":"failed","message":"","name":"C:/Users/joel/OneDrive/Dev/AtlasMind/tests/views/panelFlows.test.ts"}]}