<?xml version="1.0" encoding="UTF-8" ?>
<testsuites name="vitest tests" tests="4" failures="1" errors="0" time="0.0063415">
    <testsuite name="tests/core/other.test.ts" timestamp="2026-09-08T16:33:36.401Z" hostname="HomePC" tests="1" failures="0" errors="0" skipped="0" time="0.0014769">
        <testcase classname="tests/core/other.test.ts" name="does something" time="0.0008253">
        </testcase>
    </testsuite>
    <testsuite name="tests/example.test.ts" timestamp="2026-09-08T16:33:36.405Z" hostname="HomePC" tests="3" failures="1" errors="0" skipped="1" time="0.0048646">
        <testcase classname="tests/example.test.ts" name="a described group &gt; passes" time="0.0008277">
        </testcase>
        <testcase classname="tests/example.test.ts" name="a described group &gt; fails" time="0.0032517">
            <failure message="expected 1 to be 2 // Object.is equality" type="AssertionError">
AssertionError: expected 1 to be 2 // Object.is equality

- Expected
+ Received

- 2
+ 1

 ❯ tests/example.test.ts:9:15
            </failure>
        </testcase>
        <testcase classname="tests/example.test.ts" name="a described group &gt; is skipped" time="0">
            <skipped/>
        </testcase>
    </testsuite>
</testsuites>
