<?xml version="1.0" encoding="UTF-8" ?>
<testsuites name="vitest tests" tests="4" failures="1" errors="0" time="0.0421">
    <testsuite name="tests/example.test.ts" timestamp="2026-08-14T01:18:01.693Z" hostname="HomePC" tests="3" failures="1" errors="0" skipped="1" time="0.0239783">
        <testcase classname="tests/example.test.ts" name="a described group &gt; passes" time="0.0035452">
        </testcase>
        <testcase classname="tests/example.test.ts" name="a described group &gt; fails" time="0.0011">
            <failure message="expected 1 to be 2 // Object.is equality" type="AssertionError">
AssertionError: expected 1 to be 2
 ❯ tests/example.test.ts:9:19
            </failure>
        </testcase>
        <testcase classname="tests/example.test.ts" name="a described group &gt; is skipped" time="0">
            <skipped/>
        </testcase>
    </testsuite>
    <testsuite name="tests/core/other.test.ts" timestamp="2026-08-14T01:18:01.701Z" hostname="HomePC" tests="1" failures="0" errors="0" skipped="0" time="0.0042">
        <testcase classname="tests/core/other.test.ts" name="does something" time="0.0042">
        </testcase>
    </testsuite>
</testsuites>
